<?xml version="1.0" encoding="UTF-8"?>
<coverage generated="1644081923841" clover="3.2.0">
  <project timestamp="1644081923841" name="All files">
    <metrics statements="75" coveredstatements="44" conditionals="28" coveredconditionals="1" methods="19" coveredmethods="5" elements="122" coveredelements="50" complexity="0" loc="75" ncloc="75" packages="9" files="25" classes="25"/>
    <package name="assets.icons">
      <metrics statements="12" coveredstatements="12" conditionals="0" coveredconditionals="0" methods="0" coveredmethods="0"/>
      <file name="ada.png" path="D:\Desenvolvimento\Mobile\AlphaPoint\AlphaCoin\src\assets\icons\ada.png">
        <metrics statements="1" coveredstatements="1" conditionals="0" coveredconditionals="0" methods="0" coveredmethods="0"/>
        <line num="1" count="1" type="stmt"/>
      </file>
      <file name="bch.png" path="D:\Desenvolvimento\Mobile\AlphaPoint\AlphaCoin\src\assets\icons\bch.png">
        <metrics statements="1" coveredstatements="1" conditionals="0" coveredconditionals="0" methods="0" coveredmethods="0"/>
        <line num="1" count="1" type="stmt"/>
      </file>
      <file name="bnb.png" path="D:\Desenvolvimento\Mobile\AlphaPoint\AlphaCoin\src\assets\icons\bnb.png">
        <metrics statements="1" coveredstatements="1" conditionals="0" coveredconditionals="0" methods="0" coveredmethods="0"/>
        <line num="1" count="1" type="stmt"/>
      </file>
      <file name="btc.png" path="D:\Desenvolvimento\Mobile\AlphaPoint\AlphaCoin\src\assets\icons\btc.png">
        <metrics statements="1" coveredstatements="1" conditionals="0" coveredconditionals="0" methods="0" coveredmethods="0"/>
        <line num="1" count="1" type="stmt"/>
      </file>
      <file name="doge.png" path="D:\Desenvolvimento\Mobile\AlphaPoint\AlphaCoin\src\assets\icons\doge.png">
        <metrics statements="1" coveredstatements="1" conditionals="0" coveredconditionals="0" methods="0" coveredmethods="0"/>
        <line num="1" count="1" type="stmt"/>
      </file>
      <file name="eth.png" path="D:\Desenvolvimento\Mobile\AlphaPoint\AlphaCoin\src\assets\icons\eth.png">
        <metrics statements="1" coveredstatements="1" conditionals="0" coveredconditionals="0" methods="0" coveredmethods="0"/>
        <line num="1" count="1" type="stmt"/>
      </file>
      <file name="link.png" path="D:\Desenvolvimento\Mobile\AlphaPoint\AlphaCoin\src\assets\icons\link.png">
        <metrics statements="1" coveredstatements="1" conditionals="0" coveredconditionals="0" methods="0" coveredmethods="0"/>
        <line num="1" count="1" type="stmt"/>
      </file>
      <file name="ltc.png" path="D:\Desenvolvimento\Mobile\AlphaPoint\AlphaCoin\src\assets\icons\ltc.png">
        <metrics statements="1" coveredstatements="1" conditionals="0" coveredconditionals="0" methods="0" coveredmethods="0"/>
        <line num="1" count="1" type="stmt"/>
      </file>
      <file name="luna.png" path="D:\Desenvolvimento\Mobile\AlphaPoint\AlphaCoin\src\assets\icons\luna.png">
        <metrics statements="1" coveredstatements="1" conditionals="0" coveredconditionals="0" methods="0" coveredmethods="0"/>
        <line num="1" count="1" type="stmt"/>
      </file>
      <file name="sol.png" path="D:\Desenvolvimento\Mobile\AlphaPoint\AlphaCoin\src\assets\icons\sol.png">
        <metrics statements="1" coveredstatements="1" conditionals="0" coveredconditionals="0" methods="0" coveredmethods="0"/>
        <line num="1" count="1" type="stmt"/>
      </file>
      <file name="usdt.png" path="D:\Desenvolvimento\Mobile\AlphaPoint\AlphaCoin\src\assets\icons\usdt.png">
        <metrics statements="1" coveredstatements="1" conditionals="0" coveredconditionals="0" methods="0" coveredmethods="0"/>
        <line num="1" count="1" type="stmt"/>
      </file>
      <file name="xrp.png" path="D:\Desenvolvimento\Mobile\AlphaPoint\AlphaCoin\src\assets\icons\xrp.png">
        <metrics statements="1" coveredstatements="1" conditionals="0" coveredconditionals="0" methods="0" coveredmethods="0"/>
        <line num="1" count="1" type="stmt"/>
      </file>
    </package>
    <package name="assets.images">
      <metrics statements="1" coveredstatements="1" conditionals="0" coveredconditionals="0" methods="0" coveredmethods="0"/>
      <file name="logo.jpg" path="D:\Desenvolvimento\Mobile\AlphaPoint\AlphaCoin\src\assets\images\logo.jpg">
        <metrics statements="1" coveredstatements="1" conditionals="0" coveredconditionals="0" methods="0" coveredmethods="0"/>
        <line num="1" count="1" type="stmt"/>
      </file>
    </package>
    <package name="components">
      <metrics statements="1" coveredstatements="1" conditionals="0" coveredconditionals="0" methods="1" coveredmethods="1"/>
      <file name="ThemeProvider.js" path="D:\Desenvolvimento\Mobile\AlphaPoint\AlphaCoin\src\components\ThemeProvider.js">
        <metrics statements="1" coveredstatements="1" conditionals="0" coveredconditionals="0" methods="1" coveredmethods="1"/>
        <line num="7" count="2" type="stmt"/>
      </file>
    </package>
    <package name="contexts">
      <metrics statements="9" coveredstatements="1" conditionals="6" coveredconditionals="0" methods="3" coveredmethods="0"/>
      <file name="AuthProvider.js" path="D:\Desenvolvimento\Mobile\AlphaPoint\AlphaCoin\src\contexts\AuthProvider.js">
        <metrics statements="9" coveredstatements="1" conditionals="6" coveredconditionals="0" methods="3" coveredmethods="0"/>
        <line num="6" count="1" type="stmt"/>
        <line num="9" count="0" type="stmt"/>
        <line num="10" count="0" type="stmt"/>
        <line num="13" count="0" type="cond" truecount="0" falsecount="2"/>
        <line num="14" count="0" type="stmt"/>
        <line num="18" count="0" type="cond" truecount="0" falsecount="4"/>
        <line num="20" count="0" type="stmt"/>
        <line num="21" count="0" type="stmt"/>
        <line num="24" count="0" type="stmt"/>
      </file>
    </package>
    <package name="helpers.constants">
      <metrics statements="2" coveredstatements="2" conditionals="0" coveredconditionals="0" methods="0" coveredmethods="0"/>
      <file name="storageKeys.js" path="D:\Desenvolvimento\Mobile\AlphaPoint\AlphaCoin\src\helpers\constants\storageKeys.js">
        <metrics statements="2" coveredstatements="2" conditionals="0" coveredconditionals="0" methods="0" coveredmethods="0"/>
        <line num="1" count="1" type="stmt"/>
        <line num="2" count="1" type="stmt"/>
      </file>
    </package>
    <package name="helpers.functions">
      <metrics statements="16" coveredstatements="10" conditionals="4" coveredconditionals="0" methods="6" coveredmethods="2"/>
      <file name="testing.js" path="D:\Desenvolvimento\Mobile\AlphaPoint\AlphaCoin\src\helpers\functions\testing.js">
        <metrics statements="7" coveredstatements="6" conditionals="0" coveredconditionals="0" methods="3" coveredmethods="2"/>
        <line num="7" count="1" type="stmt"/>
        <line num="8" count="1" type="stmt"/>
        <line num="9" count="1" type="stmt"/>
        <line num="12" count="1" type="stmt"/>
        <line num="13" count="1" type="stmt"/>
        <line num="16" count="1" type="stmt"/>
        <line num="17" count="0" type="stmt"/>
      </file>
      <file name="utils.js" path="D:\Desenvolvimento\Mobile\AlphaPoint\AlphaCoin\src\helpers\functions\utils.js">
        <metrics statements="9" coveredstatements="4" conditionals="4" coveredconditionals="0" methods="3" coveredmethods="0"/>
        <line num="14" count="1" type="stmt"/>
        <line num="29" count="1" type="stmt"/>
        <line num="30" count="0" type="cond" truecount="0" falsecount="2"/>
        <line num="31" count="0" type="stmt"/>
        <line num="33" count="0" type="stmt"/>
        <line num="36" count="1" type="stmt"/>
        <line num="37" count="0" type="cond" truecount="0" falsecount="2"/>
        <line num="39" count="1" type="stmt"/>
        <line num="40" count="0" type="stmt"/>
      </file>
    </package>
    <package name="hooks">
      <metrics statements="13" coveredstatements="3" conditionals="12" coveredconditionals="1" methods="1" coveredmethods="1"/>
      <file name="useFontFamily.js" path="D:\Desenvolvimento\Mobile\AlphaPoint\AlphaCoin\src\hooks\useFontFamily.js">
        <metrics statements="13" coveredstatements="3" conditionals="12" coveredconditionals="1" methods="1" coveredmethods="1"/>
        <line num="1" count="1" type="stmt"/>
        <line num="2" count="1" type="cond" truecount="1" falsecount="11"/>
        <line num="4" count="0" type="stmt"/>
        <line num="6" count="0" type="stmt"/>
        <line num="8" count="0" type="stmt"/>
        <line num="10" count="0" type="stmt"/>
        <line num="13" count="0" type="stmt"/>
        <line num="15" count="0" type="stmt"/>
        <line num="17" count="1" type="stmt"/>
        <line num="19" count="0" type="stmt"/>
        <line num="21" count="0" type="stmt"/>
        <line num="23" count="0" type="stmt"/>
        <line num="25" count="0" type="stmt"/>
      </file>
    </package>
    <package name="screens.Login">
      <metrics statements="20" coveredstatements="13" conditionals="6" coveredconditionals="0" methods="8" coveredmethods="1"/>
      <file name="index.js" path="D:\Desenvolvimento\Mobile\AlphaPoint\AlphaCoin\src\screens\Login\index.js">
        <metrics statements="4" coveredstatements="3" conditionals="0" coveredconditionals="0" methods="2" coveredmethods="1"/>
        <line num="23" count="2" type="stmt"/>
        <line num="24" count="2" type="stmt"/>
        <line num="26" count="2" type="stmt"/>
        <line num="46" count="0" type="stmt"/>
      </file>
      <file name="styles.js" path="D:\Desenvolvimento\Mobile\AlphaPoint\AlphaCoin\src\screens\Login\styles.js">
        <metrics statements="16" coveredstatements="10" conditionals="6" coveredconditionals="0" methods="6" coveredmethods="0"/>
        <line num="9" count="1" type="stmt"/>
        <line num="17" count="1" type="stmt"/>
        <line num="25" count="1" type="stmt"/>
        <line num="31" count="1" type="stmt"/>
        <line num="40" count="1" type="stmt"/>
        <line num="54" count="1" type="stmt"/>
        <line num="55" count="0" type="stmt"/>
        <line num="56" count="0" type="cond" truecount="0" falsecount="2"/>
        <line num="57" count="0" type="stmt"/>
        <line num="58" count="0" type="stmt"/>
        <line num="60" count="0" type="cond" truecount="0" falsecount="2"/>
        <line num="62" count="0" type="cond" truecount="0" falsecount="2"/>
        <line num="65" count="1" type="stmt"/>
        <line num="72" count="1" type="stmt"/>
        <line num="76" count="1" type="stmt"/>
        <line num="82" count="1" type="stmt"/>
      </file>
    </package>
    <package name="theme">
      <metrics statements="1" coveredstatements="1" conditionals="0" coveredconditionals="0" methods="0" coveredmethods="0"/>
      <file name="colors.js" path="D:\Desenvolvimento\Mobile\AlphaPoint\AlphaCoin\src\theme\colors.js">
        <metrics statements="1" coveredstatements="1" conditionals="0" coveredconditionals="0" methods="0" coveredmethods="0"/>
        <line num="1" count="1" type="stmt"/>
      </file>
      <file name="fonts.js" path="D:\Desenvolvimento\Mobile\AlphaPoint\AlphaCoin\src\theme\fonts.js">
        <metrics statements="0" coveredstatements="0" conditionals="0" coveredconditionals="0" methods="0" coveredmethods="0"/>
      </file>
      <file name="index.js" path="D:\Desenvolvimento\Mobile\AlphaPoint\AlphaCoin\src\theme\index.js">
        <metrics statements="0" coveredstatements="0" conditionals="0" coveredconditionals="0" methods="0" coveredmethods="0"/>
      </file>
      <file name="spacings.js" path="D:\Desenvolvimento\Mobile\AlphaPoint\AlphaCoin\src\theme\spacings.js">
        <metrics statements="0" coveredstatements="0" conditionals="0" coveredconditionals="0" methods="0" coveredmethods="0"/>
      </file>
    </package>
  </project>
</coverage>
