{"D:\\Desenvolvimento\\Mobile\\AlphaPoint\\AlphaCoin\\src\\assets\\icons\\ada.png": {"path":"D:\\Desenvolvimento\\Mobile\\AlphaPoint\\AlphaCoin\\src\\assets\\icons\\ada.png","statementMap":{"0":{"start":{"line":1,"column":0},"end":{"line":4,"column":6}}},"fnMap":{},"branchMap":{},"s":{"0":1},"f":{},"b":{},"inputSourceMap":null,"_coverageSchema":"1a1c01bbd47fc00a2c39e90264f33305004495a9","hash":"69738b6e89ff1d1f1d5b5700215df8d53f3447be"}
,"D:\\Desenvolvimento\\Mobile\\AlphaPoint\\AlphaCoin\\src\\assets\\icons\\bch.png": {"path":"D:\\Desenvolvimento\\Mobile\\AlphaPoint\\AlphaCoin\\src\\assets\\icons\\bch.png","statementMap":{"0":{"start":{"line":1,"column":0},"end":{"line":4,"column":6}}},"fnMap":{},"branchMap":{},"s":{"0":1},"f":{},"b":{},"inputSourceMap":null,"_coverageSchema":"1a1c01bbd47fc00a2c39e90264f33305004495a9","hash":"a16a2c1635838178dc67a43e43425635c31e6d10"}
,"D:\\Desenvolvimento\\Mobile\\AlphaPoint\\AlphaCoin\\src\\assets\\icons\\bnb.png": {"path":"D:\\Desenvolvimento\\Mobile\\AlphaPoint\\AlphaCoin\\src\\assets\\icons\\bnb.png","statementMap":{"0":{"start":{"line":1,"column":0},"end":{"line":4,"column":6}}},"fnMap":{},"branchMap":{},"s":{"0":1},"f":{},"b":{},"inputSourceMap":null,"_coverageSchema":"1a1c01bbd47fc00a2c39e90264f33305004495a9","hash":"aaf3f2e38b42dbd1a61e5adda4109658342b1903"}
,"D:\\Desenvolvimento\\Mobile\\AlphaPoint\\AlphaCoin\\src\\assets\\icons\\btc.png": {"path":"D:\\Desenvolvimento\\Mobile\\AlphaPoint\\AlphaCoin\\src\\assets\\icons\\btc.png","statementMap":{"0":{"start":{"line":1,"column":0},"end":{"line":4,"column":6}}},"fnMap":{},"branchMap":{},"s":{"0":1},"f":{},"b":{},"inputSourceMap":null,"_coverageSchema":"1a1c01bbd47fc00a2c39e90264f33305004495a9","hash":"abdd493b6e771e288abf52d30a36ae8d24e27df0"}
,"D:\\Desenvolvimento\\Mobile\\AlphaPoint\\AlphaCoin\\src\\assets\\icons\\doge.png": {"path":"D:\\Desenvolvimento\\Mobile\\AlphaPoint\\AlphaCoin\\src\\assets\\icons\\doge.png","statementMap":{"0":{"start":{"line":1,"column":0},"end":{"line":4,"column":6}}},"fnMap":{},"branchMap":{},"s":{"0":1},"f":{},"b":{},"inputSourceMap":null,"_coverageSchema":"1a1c01bbd47fc00a2c39e90264f33305004495a9","hash":"06dd932c80e94421487b0073dcff15e3754bc583"}
,"D:\\Desenvolvimento\\Mobile\\AlphaPoint\\AlphaCoin\\src\\assets\\icons\\eth.png": {"path":"D:\\Desenvolvimento\\Mobile\\AlphaPoint\\AlphaCoin\\src\\assets\\icons\\eth.png","statementMap":{"0":{"start":{"line":1,"column":0},"end":{"line":4,"column":6}}},"fnMap":{},"branchMap":{},"s":{"0":1},"f":{},"b":{},"inputSourceMap":null,"_coverageSchema":"1a1c01bbd47fc00a2c39e90264f33305004495a9","hash":"75639c0962836a3cafbe04d97bda099f9d41a730"}
,"D:\\Desenvolvimento\\Mobile\\AlphaPoint\\AlphaCoin\\src\\assets\\icons\\link.png": {"path":"D:\\Desenvolvimento\\Mobile\\AlphaPoint\\AlphaCoin\\src\\assets\\icons\\link.png","statementMap":{"0":{"start":{"line":1,"column":0},"end":{"line":4,"column":6}}},"fnMap":{},"branchMap":{},"s":{"0":1},"f":{},"b":{},"inputSourceMap":null,"_coverageSchema":"1a1c01bbd47fc00a2c39e90264f33305004495a9","hash":"7cf3d4a20a359b83f5d4b27edb473caa6acd6eac"}
,"D:\\Desenvolvimento\\Mobile\\AlphaPoint\\AlphaCoin\\src\\assets\\icons\\ltc.png": {"path":"D:\\Desenvolvimento\\Mobile\\AlphaPoint\\AlphaCoin\\src\\assets\\icons\\ltc.png","statementMap":{"0":{"start":{"line":1,"column":0},"end":{"line":4,"column":6}}},"fnMap":{},"branchMap":{},"s":{"0":1},"f":{},"b":{},"inputSourceMap":null,"_coverageSchema":"1a1c01bbd47fc00a2c39e90264f33305004495a9","hash":"b66af75f5568986c00f1ea7b62e01d97d41c6daa"}
,"D:\\Desenvolvimento\\Mobile\\AlphaPoint\\AlphaCoin\\src\\assets\\icons\\luna.png": {"path":"D:\\Desenvolvimento\\Mobile\\AlphaPoint\\AlphaCoin\\src\\assets\\icons\\luna.png","statementMap":{"0":{"start":{"line":1,"column":0},"end":{"line":4,"column":6}}},"fnMap":{},"branchMap":{},"s":{"0":1},"f":{},"b":{},"inputSourceMap":null,"_coverageSchema":"1a1c01bbd47fc00a2c39e90264f33305004495a9","hash":"d6e92a4814e991dfa51f41c4562097156c375705"}
,"D:\\Desenvolvimento\\Mobile\\AlphaPoint\\AlphaCoin\\src\\assets\\icons\\sol.png": {"path":"D:\\Desenvolvimento\\Mobile\\AlphaPoint\\AlphaCoin\\src\\assets\\icons\\sol.png","statementMap":{"0":{"start":{"line":1,"column":0},"end":{"line":4,"column":6}}},"fnMap":{},"branchMap":{},"s":{"0":1},"f":{},"b":{},"inputSourceMap":null,"_coverageSchema":"1a1c01bbd47fc00a2c39e90264f33305004495a9","hash":"c8b7f75a227ad8e7b894c1f0cd6180e3b4b172f2"}
,"D:\\Desenvolvimento\\Mobile\\AlphaPoint\\AlphaCoin\\src\\assets\\icons\\usdt.png": {"path":"D:\\Desenvolvimento\\Mobile\\AlphaPoint\\AlphaCoin\\src\\assets\\icons\\usdt.png","statementMap":{"0":{"start":{"line":1,"column":0},"end":{"line":4,"column":6}}},"fnMap":{},"branchMap":{},"s":{"0":1},"f":{},"b":{},"inputSourceMap":null,"_coverageSchema":"1a1c01bbd47fc00a2c39e90264f33305004495a9","hash":"d628163ec47b2e1ea34d72d9f954127f9dcf1a79"}
,"D:\\Desenvolvimento\\Mobile\\AlphaPoint\\AlphaCoin\\src\\assets\\icons\\xrp.png": {"path":"D:\\Desenvolvimento\\Mobile\\AlphaPoint\\AlphaCoin\\src\\assets\\icons\\xrp.png","statementMap":{"0":{"start":{"line":1,"column":0},"end":{"line":4,"column":6}}},"fnMap":{},"branchMap":{},"s":{"0":1},"f":{},"b":{},"inputSourceMap":null,"_coverageSchema":"1a1c01bbd47fc00a2c39e90264f33305004495a9","hash":"e8f160469fb199d7ea44034c891d219ac21598f7"}
,"D:\\Desenvolvimento\\Mobile\\AlphaPoint\\AlphaCoin\\src\\assets\\images\\logo.jpg": {"path":"D:\\Desenvolvimento\\Mobile\\AlphaPoint\\AlphaCoin\\src\\assets\\images\\logo.jpg","statementMap":{"0":{"start":{"line":1,"column":0},"end":{"line":4,"column":6}}},"fnMap":{},"branchMap":{},"s":{"0":1},"f":{},"b":{},"inputSourceMap":null,"_coverageSchema":"1a1c01bbd47fc00a2c39e90264f33305004495a9","hash":"bbcf990215253ad46e6824c56a3a834cf6004a77"}
,"D:\\Desenvolvimento\\Mobile\\AlphaPoint\\AlphaCoin\\src\\components\\ThemeProvider.js": {"path":"D:\\Desenvolvimento\\Mobile\\AlphaPoint\\AlphaCoin\\src\\components\\ThemeProvider.js","statementMap":{"0":{"start":{"line":7,"column":2},"end":{"line":7,"column":79}}},"fnMap":{"0":{"name":"ThemeProvider","decl":{"start":{"line":6,"column":24},"end":{"line":6,"column":37}},"loc":{"start":{"line":6,"column":52},"end":{"line":8,"column":1}},"line":6}},"branchMap":{},"s":{"0":2},"f":{"0":2},"b":{},"_coverageSchema":"1a1c01bbd47fc00a2c39e90264f33305004495a9","hash":"85c0376d8830c290def8a2ad0de1e92fc794213a"}
,"D:\\Desenvolvimento\\Mobile\\AlphaPoint\\AlphaCoin\\src\\contexts\\AuthProvider.js": {"path":"D:\\Desenvolvimento\\Mobile\\AlphaPoint\\AlphaCoin\\src\\contexts\\AuthProvider.js","statementMap":{"0":{"start":{"line":6,"column":27},"end":{"line":6,"column":44}},"1":{"start":{"line":9,"column":30},"end":{"line":9,"column":45}},"2":{"start":{"line":10,"column":26},"end":{"line":10,"column":40}},"3":{"start":{"line":13,"column":4},"end":{"line":13,"column":66}},"4":{"start":{"line":14,"column":4},"end":{"line":14,"column":22}},"5":{"start":{"line":18,"column":4},"end":{"line":18,"column":72}},"6":{"start":{"line":18,"column":60},"end":{"line":18,"column":72}},"7":{"start":{"line":20,"column":4},"end":{"line":20,"column":51}},"8":{"start":{"line":21,"column":4},"end":{"line":21,"column":33}},"9":{"start":{"line":24,"column":2},"end":{"line":28,"column":4}}},"fnMap":{"0":{"name":"AuthProvider","decl":{"start":{"line":8,"column":24},"end":{"line":8,"column":36}},"loc":{"start":{"line":8,"column":51},"end":{"line":29,"column":1}},"line":8},"1":{"name":"checkingUserLogged","decl":{"start":{"line":12,"column":11},"end":{"line":12,"column":29}},"loc":{"start":{"line":12,"column":40},"end":{"line":15,"column":3}},"line":12},"2":{"name":"SignIn","decl":{"start":{"line":17,"column":17},"end":{"line":17,"column":23}},"loc":{"start":{"line":17,"column":34},"end":{"line":22,"column":3}},"line":17}},"branchMap":{"0":{"loc":{"start":{"line":13,"column":14},"end":{"line":13,"column":64}},"type":"binary-expr","locations":[{"start":{"line":13,"column":14},"end":{"line":13,"column":29}},{"start":{"line":13,"column":33},"end":{"line":13,"column":64}}],"line":13},"1":{"loc":{"start":{"line":18,"column":4},"end":{"line":18,"column":72}},"type":"if","locations":[{"start":{"line":18,"column":4},"end":{"line":18,"column":72}},{"start":{},"end":{}}],"line":18},"2":{"loc":{"start":{"line":18,"column":8},"end":{"line":18,"column":58}},"type":"binary-expr","locations":[{"start":{"line":18,"column":8},"end":{"line":18,"column":23}},{"start":{"line":18,"column":27},"end":{"line":18,"column":58}}],"line":18}},"s":{"0":1,"1":0,"2":0,"3":0,"4":0,"5":0,"6":0,"7":0,"8":0,"9":0},"f":{"0":0,"1":0,"2":0},"b":{"0":[0,0],"1":[0,0],"2":[0,0]},"_coverageSchema":"1a1c01bbd47fc00a2c39e90264f33305004495a9","hash":"187c1c3d99634ea55b1241b44d506e7ca805d6a4"}
,"D:\\Desenvolvimento\\Mobile\\AlphaPoint\\AlphaCoin\\src\\helpers\\constants\\storageKeys.js": {"path":"D:\\Desenvolvimento\\Mobile\\AlphaPoint\\AlphaCoin\\src\\helpers\\constants\\storageKeys.js","statementMap":{"0":{"start":{"line":1,"column":24},"end":{"line":1,"column":35}},"1":{"start":{"line":2,"column":25},"end":{"line":2,"column":37}}},"fnMap":{},"branchMap":{},"s":{"0":1,"1":1},"f":{},"b":{},"_coverageSchema":"1a1c01bbd47fc00a2c39e90264f33305004495a9","hash":"abd342fc4d0222b402212a8343f378b91f5386e4"}
,"D:\\Desenvolvimento\\Mobile\\AlphaPoint\\AlphaCoin\\src\\helpers\\functions\\testing.js": {"path":"D:\\Desenvolvimento\\Mobile\\AlphaPoint\\AlphaCoin\\src\\helpers\\functions\\testing.js","statementMap":{"0":{"start":{"line":7,"column":38},"end":{"line":10,"column":1}},"1":{"start":{"line":8,"column":15},"end":{"line":8,"column":74}},"2":{"start":{"line":9,"column":2},"end":{"line":9,"column":33}},"3":{"start":{"line":12,"column":31},"end":{"line":14,"column":1}},"4":{"start":{"line":13,"column":2},"end":{"line":13,"column":69}},"5":{"start":{"line":16,"column":40},"end":{"line":18,"column":1}},"6":{"start":{"line":17,"column":2},"end":{"line":17,"column":60}}},"fnMap":{"0":{"name":"(anonymous_0)","decl":{"start":{"line":7,"column":38},"end":{"line":7,"column":39}},"loc":{"start":{"line":7,"column":51},"end":{"line":10,"column":1}},"line":7},"1":{"name":"(anonymous_1)","decl":{"start":{"line":12,"column":31},"end":{"line":12,"column":32}},"loc":{"start":{"line":12,"column":55},"end":{"line":14,"column":1}},"line":12},"2":{"name":"(anonymous_2)","decl":{"start":{"line":16,"column":40},"end":{"line":16,"column":41}},"loc":{"start":{"line":16,"column":53},"end":{"line":18,"column":1}},"line":16}},"branchMap":{},"s":{"0":1,"1":1,"2":1,"3":1,"4":1,"5":1,"6":0},"f":{"0":1,"1":1,"2":0},"b":{},"_coverageSchema":"1a1c01bbd47fc00a2c39e90264f33305004495a9","hash":"f68ea9f6205da6674f3458253c3b4b743d117ba6"}
,"D:\\Desenvolvimento\\Mobile\\AlphaPoint\\AlphaCoin\\src\\helpers\\functions\\utils.js": {"path":"D:\\Desenvolvimento\\Mobile\\AlphaPoint\\AlphaCoin\\src\\helpers\\functions\\utils.js","statementMap":{"0":{"start":{"line":14,"column":26},"end":{"line":27,"column":1}},"1":{"start":{"line":29,"column":28},"end":{"line":34,"column":1}},"2":{"start":{"line":30,"column":2},"end":{"line":32,"column":3}},"3":{"start":{"line":31,"column":4},"end":{"line":31,"column":24}},"4":{"start":{"line":33,"column":2},"end":{"line":33,"column":15}},"5":{"start":{"line":36,"column":31},"end":{"line":37,"column":59}},"6":{"start":{"line":37,"column":2},"end":{"line":37,"column":59}},"7":{"start":{"line":39,"column":28},"end":{"line":43,"column":18}},"8":{"start":{"line":40,"column":2},"end":{"line":43,"column":18}}},"fnMap":{"0":{"name":"(anonymous_0)","decl":{"start":{"line":29,"column":28},"end":{"line":29,"column":29}},"loc":{"start":{"line":29,"column":37},"end":{"line":34,"column":1}},"line":29},"1":{"name":"(anonymous_1)","decl":{"start":{"line":36,"column":31},"end":{"line":36,"column":32}},"loc":{"start":{"line":37,"column":2},"end":{"line":37,"column":59}},"line":37},"2":{"name":"(anonymous_2)","decl":{"start":{"line":39,"column":28},"end":{"line":39,"column":29}},"loc":{"start":{"line":40,"column":2},"end":{"line":43,"column":18}},"line":40}},"branchMap":{"0":{"loc":{"start":{"line":30,"column":2},"end":{"line":32,"column":3}},"type":"if","locations":[{"start":{"line":30,"column":2},"end":{"line":32,"column":3}},{"start":{},"end":{}}],"line":30},"1":{"loc":{"start":{"line":37,"column":2},"end":{"line":37,"column":59}},"type":"cond-expr","locations":[{"start":{"line":37,"column":15},"end":{"line":37,"column":55}},{"start":{"line":37,"column":58},"end":{"line":37,"column":59}}],"line":37}},"s":{"0":1,"1":1,"2":0,"3":0,"4":0,"5":1,"6":0,"7":1,"8":0},"f":{"0":0,"1":0,"2":0},"b":{"0":[0,0],"1":[0,0]},"_coverageSchema":"1a1c01bbd47fc00a2c39e90264f33305004495a9","hash":"633dc983a1b95d8598c450cf3038e25117c8a95e"}
,"D:\\Desenvolvimento\\Mobile\\AlphaPoint\\AlphaCoin\\src\\hooks\\useFontFamily.js": {"path":"D:\\Desenvolvimento\\Mobile\\AlphaPoint\\AlphaCoin\\src\\hooks\\useFontFamily.js","statementMap":{"0":{"start":{"line":1,"column":22},"end":{"line":27,"column":1}},"1":{"start":{"line":2,"column":2},"end":{"line":26,"column":3}},"2":{"start":{"line":4,"column":6},"end":{"line":4,"column":28}},"3":{"start":{"line":6,"column":6},"end":{"line":6,"column":28}},"4":{"start":{"line":8,"column":6},"end":{"line":8,"column":28}},"5":{"start":{"line":10,"column":6},"end":{"line":10,"column":31}},"6":{"start":{"line":13,"column":6},"end":{"line":13,"column":30}},"7":{"start":{"line":15,"column":6},"end":{"line":15,"column":32}},"8":{"start":{"line":17,"column":6},"end":{"line":17,"column":28}},"9":{"start":{"line":19,"column":6},"end":{"line":19,"column":28}},"10":{"start":{"line":21,"column":6},"end":{"line":21,"column":33}},"11":{"start":{"line":23,"column":6},"end":{"line":23,"column":30}},"12":{"start":{"line":25,"column":6},"end":{"line":25,"column":32}}},"fnMap":{"0":{"name":"(anonymous_0)","decl":{"start":{"line":1,"column":22},"end":{"line":1,"column":23}},"loc":{"start":{"line":1,"column":36},"end":{"line":27,"column":1}},"line":1}},"branchMap":{"0":{"loc":{"start":{"line":2,"column":2},"end":{"line":26,"column":3}},"type":"switch","locations":[{"start":{"line":3,"column":4},"end":{"line":4,"column":28}},{"start":{"line":5,"column":4},"end":{"line":6,"column":28}},{"start":{"line":7,"column":4},"end":{"line":8,"column":28}},{"start":{"line":9,"column":4},"end":{"line":10,"column":31}},{"start":{"line":11,"column":4},"end":{"line":11,"column":13}},{"start":{"line":12,"column":4},"end":{"line":13,"column":30}},{"start":{"line":14,"column":4},"end":{"line":15,"column":32}},{"start":{"line":16,"column":4},"end":{"line":17,"column":28}},{"start":{"line":18,"column":4},"end":{"line":19,"column":28}},{"start":{"line":20,"column":4},"end":{"line":21,"column":33}},{"start":{"line":22,"column":4},"end":{"line":23,"column":30}},{"start":{"line":24,"column":4},"end":{"line":25,"column":32}}],"line":2}},"s":{"0":1,"1":1,"2":0,"3":0,"4":0,"5":0,"6":0,"7":0,"8":1,"9":0,"10":0,"11":0,"12":0},"f":{"0":1},"b":{"0":[0,0,0,0,0,0,0,1,0,0,0,0]},"_coverageSchema":"1a1c01bbd47fc00a2c39e90264f33305004495a9","hash":"abba8769c009062b124c65e67e1886e31d6fb53c"}
,"D:\\Desenvolvimento\\Mobile\\AlphaPoint\\AlphaCoin\\src\\screens\\Login\\index.js": {"path":"D:\\Desenvolvimento\\Mobile\\AlphaPoint\\AlphaCoin\\src\\screens\\Login\\index.js","statementMap":{"0":{"start":{"line":23,"column":34},"end":{"line":23,"column":44}},"1":{"start":{"line":24,"column":21},"end":{"line":24,"column":44}},"2":{"start":{"line":26,"column":2},"end":{"line":52,"column":4}},"3":{"start":{"line":46,"column":10},"end":{"line":46,"column":27}}},"fnMap":{"0":{"name":"Login","decl":{"start":{"line":22,"column":24},"end":{"line":22,"column":29}},"loc":{"start":{"line":22,"column":32},"end":{"line":53,"column":1}},"line":22},"1":{"name":"(anonymous_1)","decl":{"start":{"line":45,"column":17},"end":{"line":45,"column":18}},"loc":{"start":{"line":45,"column":23},"end":{"line":47,"column":9}},"line":45}},"branchMap":{},"s":{"0":2,"1":2,"2":2,"3":0},"f":{"0":2,"1":0},"b":{},"_coverageSchema":"1a1c01bbd47fc00a2c39e90264f33305004495a9","hash":"787430b6c917c5c4c8877f684ca183997332f80e"}
,"D:\\Desenvolvimento\\Mobile\\AlphaPoint\\AlphaCoin\\src\\screens\\Login\\styles.js": {"path":"D:\\Desenvolvimento\\Mobile\\AlphaPoint\\AlphaCoin\\src\\screens\\Login\\styles.js","statementMap":{"0":{"start":{"line":9,"column":24},"end":{"line":15,"column":1}},"1":{"start":{"line":17,"column":29},"end":{"line":23,"column":1}},"2":{"start":{"line":25,"column":20},"end":{"line":29,"column":1}},"3":{"start":{"line":31,"column":26},"end":{"line":38,"column":1}},"4":{"start":{"line":40,"column":28},"end":{"line":52,"column":1}},"5":{"start":{"line":54,"column":20},"end":{"line":63,"column":1}},"6":{"start":{"line":55,"column":26},"end":{"line":55,"column":31}},"7":{"start":{"line":56,"column":36},"end":{"line":56,"column":68}},"8":{"start":{"line":57,"column":33},"end":{"line":57,"column":55}},"9":{"start":{"line":58,"column":37},"end":{"line":58,"column":62}},"10":{"start":{"line":60,"column":4},"end":{"line":60,"column":45}},"11":{"start":{"line":62,"column":4},"end":{"line":62,"column":49}},"12":{"start":{"line":65,"column":30},"end":{"line":70,"column":1}},"13":{"start":{"line":72,"column":19},"end":{"line":74,"column":1}},"14":{"start":{"line":76,"column":23},"end":{"line":81,"column":1}},"15":{"start":{"line":82,"column":20},"end":{"line":85,"column":1}}},"fnMap":{"0":{"name":"(anonymous_0)","decl":{"start":{"line":55,"column":11},"end":{"line":55,"column":12}},"loc":{"start":{"line":55,"column":26},"end":{"line":55,"column":31}},"line":55},"1":{"name":"(anonymous_1)","decl":{"start":{"line":56,"column":16},"end":{"line":56,"column":17}},"loc":{"start":{"line":56,"column":36},"end":{"line":56,"column":68}},"line":56},"2":{"name":"(anonymous_2)","decl":{"start":{"line":57,"column":15},"end":{"line":57,"column":16}},"loc":{"start":{"line":57,"column":33},"end":{"line":57,"column":55}},"line":57},"3":{"name":"(anonymous_3)","decl":{"start":{"line":58,"column":17},"end":{"line":58,"column":18}},"loc":{"start":{"line":58,"column":37},"end":{"line":58,"column":62}},"line":58},"4":{"name":"(anonymous_4)","decl":{"start":{"line":59,"column":17},"end":{"line":59,"column":18}},"loc":{"start":{"line":60,"column":4},"end":{"line":60,"column":45}},"line":60},"5":{"name":"(anonymous_5)","decl":{"start":{"line":61,"column":19},"end":{"line":61,"column":20}},"loc":{"start":{"line":62,"column":4},"end":{"line":62,"column":49}},"line":62}},"branchMap":{"0":{"loc":{"start":{"line":56,"column":36},"end":{"line":56,"column":68}},"type":"cond-expr","locations":[{"start":{"line":56,"column":48},"end":{"line":56,"column":57}},{"start":{"line":56,"column":60},"end":{"line":56,"column":68}}],"line":56},"1":{"loc":{"start":{"line":60,"column":4},"end":{"line":60,"column":45}},"type":"cond-expr","locations":[{"start":{"line":60,"column":17},"end":{"line":60,"column":41}},{"start":{"line":60,"column":44},"end":{"line":60,"column":45}}],"line":60},"2":{"loc":{"start":{"line":62,"column":4},"end":{"line":62,"column":49}},"type":"cond-expr","locations":[{"start":{"line":62,"column":19},"end":{"line":62,"column":45}},{"start":{"line":62,"column":48},"end":{"line":62,"column":49}}],"line":62}},"s":{"0":1,"1":1,"2":1,"3":1,"4":1,"5":1,"6":0,"7":0,"8":0,"9":0,"10":0,"11":0,"12":1,"13":1,"14":1,"15":1},"f":{"0":0,"1":0,"2":0,"3":0,"4":0,"5":0},"b":{"0":[0,0],"1":[0,0],"2":[0,0]},"_coverageSchema":"1a1c01bbd47fc00a2c39e90264f33305004495a9","hash":"bdf735db7757dda28e796c1eed7e47dad41d2062"}
,"D:\\Desenvolvimento\\Mobile\\AlphaPoint\\AlphaCoin\\src\\theme\\colors.js": {"path":"D:\\Desenvolvimento\\Mobile\\AlphaPoint\\AlphaCoin\\src\\theme\\colors.js","statementMap":{"0":{"start":{"line":1,"column":15},"end":{"line":21,"column":1}}},"fnMap":{},"branchMap":{},"s":{"0":1},"f":{},"b":{},"_coverageSchema":"1a1c01bbd47fc00a2c39e90264f33305004495a9","hash":"e9dc065d007121956dede8d4829e83145741ef4f"}
,"D:\\Desenvolvimento\\Mobile\\AlphaPoint\\AlphaCoin\\src\\theme\\fonts.js": {"path":"D:\\Desenvolvimento\\Mobile\\AlphaPoint\\AlphaCoin\\src\\theme\\fonts.js","statementMap":{},"fnMap":{},"branchMap":{},"s":{},"f":{},"b":{},"_coverageSchema":"1a1c01bbd47fc00a2c39e90264f33305004495a9","hash":"174e6e56653975cf857e2294b7abdb090c68509d"}
,"D:\\Desenvolvimento\\Mobile\\AlphaPoint\\AlphaCoin\\src\\theme\\index.js": {"path":"D:\\Desenvolvimento\\Mobile\\AlphaPoint\\AlphaCoin\\src\\theme\\index.js","statementMap":{},"fnMap":{},"branchMap":{},"s":{},"f":{},"b":{},"_coverageSchema":"1a1c01bbd47fc00a2c39e90264f33305004495a9","hash":"b799d2437076033708f9bd5a7bd1f10ce611a491"}
,"D:\\Desenvolvimento\\Mobile\\AlphaPoint\\AlphaCoin\\src\\theme\\spacings.js": {"path":"D:\\Desenvolvimento\\Mobile\\AlphaPoint\\AlphaCoin\\src\\theme\\spacings.js","statementMap":{},"fnMap":{},"branchMap":{},"s":{},"f":{},"b":{},"_coverageSchema":"1a1c01bbd47fc00a2c39e90264f33305004495a9","hash":"6a84b9b426fa3a695d17df821728ba8f62f88070"}
}
